<?xml version="1.0" encoding="UTF-8"?>
<!-- Generated by org.testng.reporters.JUnitXMLReporter -->
<testsuite ignored="0" hostname="LAPTOP-AO9I7DE6" failures="0" tests="5" name="Default test" time="40.105" errors="0" timestamp="2024-10-09T10:12:58 IST">
  <testcase classname="com.entrata.testcases.logiToEntrata" name="submitDemoForm" time="3.565"/>
  <testcase classname="com.entrata.testcases.logiToEntrata" name="loginTestCase" time="14.479"/>
  <testcase classname="com.entrata.testcases.logiToEntrata" name="verifypageTitle" time="0.056"/>
  <testcase classname="com.entrata.testcases.logiToEntrata" name="verifySolutionDropdown" time="0.327"/>
  <testcase classname="com.entrata.testcases.logiToEntrata" name="residentLoginPage1" time="15.571"/>
</testsuite> <!-- Default test -->
